<?xml version="1.0" encoding="UTF-8"?>
<coverage generated="1767734968875" clover="3.2.0">
  <project timestamp="1767734968875" name="All files">
    <metrics statements="26" coveredstatements="25" conditionals="16" coveredconditionals="16" methods="4" coveredmethods="3" elements="46" coveredelements="44" complexity="0" loc="26" ncloc="26" packages="1" files="1" classes="1"/>
    <file name="qr.ts" path="/home/claude/psilly-journal/src/utils/qr.ts">
      <metrics statements="26" coveredstatements="25" conditionals="16" coveredconditionals="16" methods="4" coveredmethods="3"/>
      <line num="7" count="1" type="stmt"/>
      <line num="8" count="1" type="stmt"/>
      <line num="19" count="1" type="stmt"/>
      <line num="21" count="13" type="stmt"/>
      <line num="24" count="13" type="cond" truecount="2" falsecount="0"/>
      <line num="25" count="3" type="stmt"/>
      <line num="32" count="10" type="stmt"/>
      <line num="35" count="10" type="cond" truecount="4" falsecount="0"/>
      <line num="36" count="1" type="stmt"/>
      <line num="42" count="9" type="cond" truecount="2" falsecount="0"/>
      <line num="43" count="2" type="stmt"/>
      <line num="49" count="7" type="stmt"/>
      <line num="58" count="1" type="stmt"/>
      <line num="59" count="7" type="stmt"/>
      <line num="67" count="1" type="stmt"/>
      <line num="68" count="4" type="stmt"/>
      <line num="69" count="4" type="stmt"/>
      <line num="71" count="4" type="cond" truecount="2" falsecount="0"/>
      <line num="73" count="4" type="cond" truecount="4" falsecount="0"/>
      <line num="74" count="1" type="stmt"/>
      <line num="80" count="3" type="stmt"/>
      <line num="82" count="3" type="cond" truecount="2" falsecount="0"/>
      <line num="83" count="1" type="stmt"/>
      <line num="89" count="2" type="stmt"/>
      <line num="99" count="1" type="stmt"/>
      <line num="100" count="0" type="stmt"/>
    </file>
  </project>
</coverage>
