{"/home/claude/psilly-journal/src/utils/qr.ts": {"path":"/home/claude/psilly-journal/src/utils/qr.ts","statementMap":{"0":{"start":{"line":19,"column":0},"end":{"line":19,"column":16}},"1":{"start":{"line":58,"column":0},"end":{"line":58,"column":16}},"2":{"start":{"line":67,"column":0},"end":{"line":67,"column":16}},"3":{"start":{"line":99,"column":0},"end":{"line":99,"column":16}},"4":{"start":{"line":7,"column":27},"end":{"line":7,"column":63}},"5":{"start":{"line":8,"column":22},"end":{"line":8,"column":47}},"6":{"start":{"line":21,"column":15},"end":{"line":21,"column":33}},"7":{"start":{"line":24,"column":2},"end":{"line":29,"column":3}},"8":{"start":{"line":25,"column":4},"end":{"line":28,"column":6}},"9":{"start":{"line":32,"column":16},"end":{"line":32,"column":53}},"10":{"start":{"line":35,"column":2},"end":{"line":40,"column":3}},"11":{"start":{"line":36,"column":4},"end":{"line":39,"column":6}},"12":{"start":{"line":42,"column":2},"end":{"line":47,"column":3}},"13":{"start":{"line":43,"column":4},"end":{"line":46,"column":6}},"14":{"start":{"line":49,"column":2},"end":{"line":52,"column":4}},"15":{"start":{"line":59,"column":2},"end":{"line":59,"column":35}},"16":{"start":{"line":68,"column":27},"end":{"line":68,"column":83}},"17":{"start":{"line":69,"column":24},"end":{"line":69,"column":58}},"18":{"start":{"line":71,"column":14},"end":{"line":71,"column":69}},"19":{"start":{"line":73,"column":2},"end":{"line":78,"column":3}},"20":{"start":{"line":74,"column":4},"end":{"line":77,"column":6}},"21":{"start":{"line":80,"column":16},"end":{"line":80,"column":24}},"22":{"start":{"line":82,"column":2},"end":{"line":87,"column":3}},"23":{"start":{"line":83,"column":4},"end":{"line":86,"column":6}},"24":{"start":{"line":89,"column":2},"end":{"line":92,"column":4}},"25":{"start":{"line":100,"column":2},"end":{"line":100,"column":41}}},"fnMap":{"0":{"name":"extractQRToken","decl":{"start":{"line":19,"column":16},"end":{"line":19,"column":30}},"loc":{"start":{"line":19,"column":50},"end":{"line":53,"column":1}}},"1":{"name":"isValidToken","decl":{"start":{"line":58,"column":16},"end":{"line":58,"column":28}},"loc":{"start":{"line":58,"column":42},"end":{"line":60,"column":1}}},"2":{"name":"extractTokenFromDeepLink","decl":{"start":{"line":67,"column":16},"end":{"line":67,"column":40}},"loc":{"start":{"line":67,"column":52},"end":{"line":93,"column":1}}},"3":{"name":"buildPsillyOpsUrl","decl":{"start":{"line":99,"column":16},"end":{"line":99,"column":33}},"loc":{"start":{"line":99,"column":48},"end":{"line":101,"column":1}}}},"branchMap":{"0":{"loc":{"start":{"line":24,"column":2},"end":{"line":29,"column":3}},"type":"if","locations":[{"start":{"line":24,"column":2},"end":{"line":29,"column":3}},{"start":{},"end":{}}]},"1":{"loc":{"start":{"line":35,"column":2},"end":{"line":40,"column":3}},"type":"if","locations":[{"start":{"line":35,"column":2},"end":{"line":40,"column":3}},{"start":{},"end":{}}]},"2":{"loc":{"start":{"line":35,"column":6},"end":{"line":35,"column":34}},"type":"binary-expr","locations":[{"start":{"line":35,"column":6},"end":{"line":35,"column":12}},{"start":{"line":35,"column":16},"end":{"line":35,"column":34}}]},"3":{"loc":{"start":{"line":42,"column":2},"end":{"line":47,"column":3}},"type":"if","locations":[{"start":{"line":42,"column":2},"end":{"line":47,"column":3}},{"start":{},"end":{}}]},"4":{"loc":{"start":{"line":71,"column":14},"end":{"line":71,"column":69}},"type":"binary-expr","locations":[{"start":{"line":71,"column":14},"end":{"line":71,"column":41}},{"start":{"line":71,"column":45},"end":{"line":71,"column":69}}]},"5":{"loc":{"start":{"line":73,"column":2},"end":{"line":78,"column":3}},"type":"if","locations":[{"start":{"line":73,"column":2},"end":{"line":78,"column":3}},{"start":{},"end":{}}]},"6":{"loc":{"start":{"line":73,"column":6},"end":{"line":73,"column":25}},"type":"binary-expr","locations":[{"start":{"line":73,"column":6},"end":{"line":73,"column":12}},{"start":{"line":73,"column":16},"end":{"line":73,"column":25}}]},"7":{"loc":{"start":{"line":82,"column":2},"end":{"line":87,"column":3}},"type":"if","locations":[{"start":{"line":82,"column":2},"end":{"line":87,"column":3}},{"start":{},"end":{}}]}},"s":{"0":1,"1":1,"2":1,"3":1,"4":1,"5":1,"6":13,"7":13,"8":3,"9":10,"10":10,"11":1,"12":9,"13":2,"14":7,"15":7,"16":4,"17":4,"18":4,"19":4,"20":1,"21":3,"22":3,"23":1,"24":2,"25":0},"f":{"0":13,"1":7,"2":4,"3":0},"b":{"0":[3,10],"1":[1,9],"2":[10,9],"3":[2,7],"4":[4,2],"5":[1,3],"6":[4,3],"7":[1,2]}}
}
