TN:
SF:src/utils/qr.ts
FN:19,extractQRToken
FN:58,isValidToken
FN:67,extractTokenFromDeepLink
FN:99,buildPsillyOpsUrl
FNF:4
FNH:3
FNDA:13,extractQRToken
FNDA:7,isValidToken
FNDA:4,extractTokenFromDeepLink
FNDA:0,buildPsillyOpsUrl
DA:7,1
DA:8,1
DA:19,1
DA:21,13
DA:24,13
DA:25,3
DA:32,10
DA:35,10
DA:36,1
DA:42,9
DA:43,2
DA:49,7
DA:58,1
DA:59,7
DA:67,1
DA:68,4
DA:69,4
DA:71,4
DA:73,4
DA:74,1
DA:80,3
DA:82,3
DA:83,1
DA:89,2
DA:99,1
DA:100,0
LF:26
LH:25
BRDA:24,0,0,3
BRDA:24,0,1,10
BRDA:35,1,0,1
BRDA:35,1,1,9
BRDA:35,2,0,10
BRDA:35,2,1,9
BRDA:42,3,0,2
BRDA:42,3,1,7
BRDA:71,4,0,4
BRDA:71,4,1,2
BRDA:73,5,0,1
BRDA:73,5,1,3
BRDA:73,6,0,4
BRDA:73,6,1,3
BRDA:82,7,0,1
BRDA:82,7,1,2
BRF:16
BRH:16
end_of_record
